<?xml version="1.0" encoding="UTF-8"?>
<testsuite xmlns:xsi="http://www.w3.org/2001/XMLSchema-instance" xsi:noNamespaceSchemaLocation="https://maven.apache.org/surefire/maven-surefire-plugin/xsd/surefire-test-report.xsd" name="com.ejemplo.ValidadorPrimoTest" time="0.056" tests="5" errors="0" skipped="0" failures="0">
  <properties>
[...]
</properties>
  <testcase name="testCincoEsPrimo" classname="com.ejemplo.ValidadorPrimoTest" time="0.025"/>
  <testcase name="testUnoNoEsPrimo" classname="com.ejemplo.ValidadorPrimoTest" time="0.002"/>
  <testcase name="testVeintitresEsPrimo" classname="com.ejemplo.ValidadorPrimoTest" time="0"/>
  <testcase name="testDosEsPrimo" classname="com.ejemplo.ValidadorPrimoTest" time="0.001"/>
  <testcase name="testTresEsPrimo" classname="com.ejemplo.ValidadorPrimoTest" time="0.003"/>
</testsuite>